<!DOCTYPE html PUBLIC "-//W3C//DTD XHTML 1.1//EN" "http://www.w3.org/TR/xhtml11/DTD/xhtml11.dtd">
<html xmlns="http://www.w3.org/1999/xhtml"><head><title>TestNG Report</title><style type="text/css">table {margin-bottom:10px;border-collapse:collapse;empty-cells:show}th,td {border:1px solid #009;padding:.25em .5em}th {vertical-align:bottom}td {vertical-align:top}table a {font-weight:bold}.stripe td {background-color: #E6EBF9}.num {text-align:right}.passedodd td {background-color: #3F3}.passedeven td {background-color: #0A0}.skippedodd td {background-color: #DDD}.skippedeven td {background-color: #CCC}.failedodd td,.attn {background-color: #F33}.failedeven td,.stripe .attn {background-color: #D00}.stacktrace {white-space:pre;font-family:monospace}.totop {font-size:85%;text-align:center;border-bottom:2px solid #000}</style></head><body><table><tr><th>Test</th><th># Passed</th><th># Skipped</th><th># Failed</th><th>Time (ms)</th><th>Included Groups</th><th>Excluded Groups</th></tr><tr><th colspan="7">Sample_Example_Suite</th></tr><tr><td><a href="#t0">LoadExcel</a></td><td class="num">1</td><td class="num">0</td><td class="num">0</td><td class="num">1,411</td><td></td><td></td></tr><tr class="stripe"><td><a href="#t1">WealthWorx_Creator_Usergroup_Login</a></td><td class="num">1</td><td class="num">0</td><td class="num">0</td><td class="num">19,420</td><td></td><td></td></tr><tr><td><a href="#t2">Open_New_Account</a></td><td class="num">0</td><td class="num">0</td><td class="num attn">1</td><td class="num">16,735</td><td></td><td></td></tr><tr class="stripe"><td><a href="#t3">Loan_Agent_Application_Undeployment</a></td><td class="num">0</td><td class="num attn">3</td><td class="num">0</td><td class="num">350</td><td></td><td></td></tr><tr><td><a href="#t4">Loan_Agent_Instance_Creation</a></td><td class="num">0</td><td class="num attn">3</td><td class="num">0</td><td class="num">271</td><td></td><td></td></tr><tr class="stripe"><td><a href="#t5">Loan_Agent_Claim_Task</a></td><td class="num">0</td><td class="num attn">3</td><td class="num">0</td><td class="num">325</td><td></td><td></td></tr><tr><td><a href="#t6">Loan_Application_Data_Entry</a></td><td class="num">0</td><td class="num attn">3</td><td class="num">0</td><td class="num">336</td><td></td><td></td></tr><tr class="stripe"><td><a href="#t7">Loan_App_Data_Entry_Employer_Info</a></td><td class="num">0</td><td class="num attn">3</td><td class="num">0</td><td class="num">533</td><td></td><td></td></tr><tr><td><a href="#t8">Advisor_Underwriter_Login</a></td><td class="num">0</td><td class="num attn">3</td><td class="num">0</td><td class="num">286</td><td></td><td></td></tr><tr class="stripe"><td><a href="#t9">Underwriter_Claim_Task</a></td><td class="num">0</td><td class="num attn">3</td><td class="num">0</td><td class="num">289</td><td></td><td></td></tr><tr><td><a href="#t10">Underwriter_Complete_Task</a></td><td class="num">0</td><td class="num attn">3</td><td class="num">0</td><td class="num">309</td><td></td><td></td></tr><tr class="stripe"><td><a href="#t11">Advisor_Loan_Officer_Login</a></td><td class="num">0</td><td class="num attn">3</td><td class="num">0</td><td class="num">279</td><td></td><td></td></tr><tr><td><a href="#t12">Loan_Officer_Claim_Task</a></td><td class="num">0</td><td class="num attn">3</td><td class="num">0</td><td class="num">278</td><td></td><td></td></tr><tr class="stripe"><td><a href="#t13">Loan_Officer_Complete_Task</a></td><td class="num">0</td><td class="num attn">3</td><td class="num">0</td><td class="num">247</td><td></td><td></td></tr><tr><th>Total</th><th class="num">2</th><th class="num attn">33</th><th class="num attn">1</th><th class="num">41,069</th><th colspan="2"></th></tr></table><table><thead><tr><th>Class</th><th>Method</th><th>Start</th><th>Time (ms)</th></tr></thead><tbody><tr><th colspan="4">Sample_Example_Suite</th></tr></tbody><tbody id="t0"><tr><th colspan="4">LoadExcel &#8212; passed</th></tr><tr class="passedeven"><td rowspan="1">com.nividous.util.CommonUtilityForSuite</td><td><a href="#m0">loadSpreadSheet</a></td><td rowspan="1">1515480330822</td><td rowspan="1">1366</td></tr></tbody><tbody id="t1"><tr><th colspan="4">WealthWorx_Creator_Usergroup_Login &#8212; passed</th></tr><tr class="passedeven"><td rowspan="1">com.nividous.util.GenericTest</td><td><a href="#m1">executeTest</a></td><td rowspan="1">1515480332244</td><td rowspan="1">18500</td></tr></tbody><tbody id="t2"><tr><th colspan="4">Open_New_Account &#8212; failed</th></tr><tr class="failedeven"><td rowspan="1">com.nividous.util.GenericTest</td><td><a href="#m2">executeTest</a></td><td rowspan="1">1515480351686</td><td rowspan="1">16612</td></tr></tbody><tbody id="t3"><tr><th colspan="4">Loan_Agent_Application_Undeployment &#8212; skipped</th></tr><tr class="skippedeven"><td rowspan="3">com.nividous.util.GenericTest</td><td><a href="#m3">executeTest</a></td><td rowspan="3">1515480368438</td><td rowspan="3">79</td></tr><tr class="skippedeven"><td><a href="#m4">executeTest</a></td></tr><tr class="skippedeven"><td><a href="#m5">executeTest</a></td></tr></tbody><tbody id="t4"><tr><th colspan="4">Loan_Agent_Instance_Creation &#8212; skipped</th></tr><tr class="skippedeven"><td rowspan="3">com.nividous.util.GenericTest</td><td><a href="#m6">executeTest</a></td><td rowspan="3">1515480368799</td><td rowspan="3">65</td></tr><tr class="skippedeven"><td><a href="#m7">executeTest</a></td></tr><tr class="skippedeven"><td><a href="#m8">executeTest</a></td></tr></tbody><tbody id="t5"><tr><th colspan="4">Loan_Agent_Claim_Task &#8212; skipped</th></tr><tr class="skippedeven"><td rowspan="3">com.nividous.util.GenericTest</td><td><a href="#m9">executeTest</a></td><td rowspan="3">1515480369234</td><td rowspan="3">78</td></tr><tr class="skippedeven"><td><a href="#m10">executeTest</a></td></tr><tr class="skippedeven"><td><a href="#m11">executeTest</a></td></tr></tbody><tbody id="t6"><tr><th colspan="4">Loan_Application_Data_Entry &#8212; skipped</th></tr><tr class="skippedeven"><td rowspan="3">com.nividous.util.GenericTest</td><td><a href="#m12">executeTest</a></td><td rowspan="3">1515480369590</td><td rowspan="3">85</td></tr><tr class="skippedeven"><td><a href="#m13">executeTest</a></td></tr><tr class="skippedeven"><td><a href="#m14">executeTest</a></td></tr></tbody><tbody id="t7"><tr><th colspan="4">Loan_App_Data_Entry_Employer_Info &#8212; skipped</th></tr><tr class="skippedeven"><td rowspan="3">com.nividous.util.GenericTest</td><td><a href="#m15">executeTest</a></td><td rowspan="3">1515480369783</td><td rowspan="3">121</td></tr><tr class="skippedeven"><td><a href="#m16">executeTest</a></td></tr><tr class="skippedeven"><td><a href="#m17">executeTest</a></td></tr></tbody><tbody id="t8"><tr><th colspan="4">Advisor_Underwriter_Login &#8212; skipped</th></tr><tr class="skippedeven"><td rowspan="3">com.nividous.util.GenericTest</td><td><a href="#m18">executeTest</a></td><td rowspan="3">1515480370329</td><td rowspan="3">68</td></tr><tr class="skippedeven"><td><a href="#m19">executeTest</a></td></tr><tr class="skippedeven"><td><a href="#m20">executeTest</a></td></tr></tbody><tbody id="t9"><tr><th colspan="4">Underwriter_Claim_Task &#8212; skipped</th></tr><tr class="skippedeven"><td rowspan="3">com.nividous.util.GenericTest</td><td><a href="#m21">executeTest</a></td><td rowspan="3">1515480370623</td><td rowspan="3">80</td></tr><tr class="skippedeven"><td><a href="#m22">executeTest</a></td></tr><tr class="skippedeven"><td><a href="#m23">executeTest</a></td></tr></tbody><tbody id="t10"><tr><th colspan="4">Underwriter_Complete_Task &#8212; skipped</th></tr><tr class="skippedeven"><td rowspan="3">com.nividous.util.GenericTest</td><td><a href="#m24">executeTest</a></td><td rowspan="3">1515480370997</td><td rowspan="3">66</td></tr><tr class="skippedeven"><td><a href="#m25">executeTest</a></td></tr><tr class="skippedeven"><td><a href="#m26">executeTest</a></td></tr></tbody><tbody id="t11"><tr><th colspan="4">Advisor_Loan_Officer_Login &#8212; skipped</th></tr><tr class="skippedeven"><td rowspan="3">com.nividous.util.GenericTest</td><td><a href="#m27">executeTest</a></td><td rowspan="3">1515480371251</td><td rowspan="3">78</td></tr><tr class="skippedeven"><td><a href="#m28">executeTest</a></td></tr><tr class="skippedeven"><td><a href="#m29">executeTest</a></td></tr></tbody><tbody id="t12"><tr><th colspan="4">Loan_Officer_Claim_Task &#8212; skipped</th></tr><tr class="skippedeven"><td rowspan="3">com.nividous.util.GenericTest</td><td><a href="#m30">executeTest</a></td><td rowspan="3">1515480371669</td><td rowspan="3">82</td></tr><tr class="skippedeven"><td><a href="#m31">executeTest</a></td></tr><tr class="skippedeven"><td><a href="#m32">executeTest</a></td></tr></tbody><tbody id="t13"><tr><th colspan="4">Loan_Officer_Complete_Task &#8212; skipped</th></tr><tr class="skippedeven"><td rowspan="3">com.nividous.util.GenericTest</td><td><a href="#m33">executeTest</a></td><td rowspan="3">1515480371956</td><td rowspan="3">54</td></tr><tr class="skippedeven"><td><a href="#m34">executeTest</a></td></tr><tr class="skippedeven"><td><a href="#m35">executeTest</a></td></tr></tbody></table><h2>LoadExcel</h2><h3 id="m0">com.nividous.util.CommonUtilityForSuite#loadSpreadSheet</h3><table class="result"><tr class="param"><th>Parameter #1</th><th>Parameter #2</th></tr><tr class="param stripe"><td>\\testExecution\\Advisor\\Advisor_DATA\\Advisor.xlsx</td><td>client_secret_nividousautomation01</td></tr><tr><th colspan="2">Messages</th></tr><tr><td colspan="2"><div class="messages">Testcase : LoadExcel  Pass: @: 2018-01-09 12:15:32</div></td></tr></table><p class="totop"><a href="#summary">back to summary</a></p><h2>WealthWorx_Creator_Usergroup_Login</h2><h3 id="m1">com.nividous.util.GenericTest#executeTest</h3><table class="result"><tr class="param"><th>Parameter #1</th></tr><tr class="param stripe"><td>{HomeTitle=WealthWorx Portal: About WealthWorx - Advisor, BrowserName=chrome, RunMode=Y, Password=admin, LoggedUserName=Aaron Smith, BaseURL=http://192.168.1.105:8080/web/advisor, UserName=aaron.smith}</td></tr><tr><th>Messages</th></tr><tr><td><div class="messages">&lt;table width=100% border=1 cellspacing=1 cellpadding=1 &gt;<br/>&lt;tr&gt;<br/>&lt;h4&gt; &lt;FONT COLOR=660000 FACE=Arial SIZE=2&gt; &lt;u&gt;# Test Name  = WealthWorx_Creator_Usergroup_Login   - Details Steps &lt;/u&gt;&lt;/h4&gt;
<br/>&lt;td width=5% align=center  bgcolor=#153E7E&gt;&lt;FONT COLOR=#E0E0E0 FACE=Arial SIZE=2&gt;&lt;b&gt;Step#&lt;/b&gt;&lt;/td&gt;<br/>&lt;td width=15% align=center  bgcolor=#153E7E&gt;&lt;FONT COLOR=#E0E0E0 FACE=Arial SIZE=2&gt;&lt;b&gt;Action&lt;/b&gt;&lt;/td&gt;<br/>&lt;td width=15% align=center  bgcolor=#153E7E&gt;&lt;FONT COLOR=#E0E0E0 FACE=Arial SIZE=2&gt;&lt;b&gt;Object&lt;/b&gt;&lt;/td&gt;<br/>&lt;td width=15% align=center  bgcolor=#153E7E&gt;&lt;FONT COLOR=#E0E0E0 FACE=Arial SIZE=2&gt;&lt;b&gt;Data&lt;/b&gt;&lt;/td&gt;<br/>&lt;td width=5% align=center  bgcolor=#153E7E&gt;&lt;FONT COLOR=#E0E0E0 FACE=Arial SIZE=2&gt;&lt;b&gt;Status&lt;/b&gt;&lt;/td&gt;<br/>&lt;td width=25% align=center  bgcolor=#153E7E&gt;&lt;FONT COLOR=#E0E0E0 FACE=Arial SIZE=2&gt;&lt;b&gt;Message&lt;/b&gt;&lt;/td&gt;<br/>&lt;td width=20% align=center  bgcolor=#153E7E&gt;&lt;FONT COLOR=#E0E0E0 FACE=Arial SIZE=2&gt;&lt;b&gt;ScreenShot&lt;/b&gt;&lt;/td&gt;<br/>&lt;/tr&gt;<br/>&lt;tr&gt;&lt;td width=5% align= left &gt;&lt;FONT COLOR=#153E7E FACE= Arial  SIZE=1.5&gt;3&lt;/td&gt;&lt;td width=15% align= left &gt;&lt;FONT COLOR=#153E7E FACE= Arial  SIZE=1.5&gt;OpenBrowser&lt;/td&gt;&lt;td width=15% align= left &gt;&lt;FONT COLOR=#153E7E FACE= Arial  SIZE=1.5&gt;&lt;/td&gt;&lt;td width=15% align= left &gt;&lt;FONT COLOR=#153E7E FACE= Arial  SIZE=1.5&gt;BrowserName&lt;/td&gt;&lt;td width=5% align= left bgcolor=#BCE954 &gt;&lt;FONT COLOR=#153E7E FACE= Arial  SIZE=1.5&gt;PASS&lt;/td&gt;&lt;td width=25% align= left &gt;&lt;FONT COLOR=#153E7E FACE= Arial  SIZE=1&gt;&lt;/td&gt;&lt;td width=20% align= left &gt;&lt;FONT COLOR=#153E7E FACE= Arial  SIZE=1.5&gt; &lt;/td&gt;&lt;/tr&gt;<br/>&lt;tr&gt;&lt;td width=5% align= left &gt;&lt;FONT COLOR=#153E7E FACE= Arial  SIZE=1.5&gt;4&lt;/td&gt;&lt;td width=15% align= left &gt;&lt;FONT COLOR=#153E7E FACE= Arial  SIZE=1.5&gt;Navigate&lt;/td&gt;&lt;td width=15% align= left &gt;&lt;FONT COLOR=#153E7E FACE= Arial  SIZE=1.5&gt;&lt;/td&gt;&lt;td width=15% align= left &gt;&lt;FONT COLOR=#153E7E FACE= Arial  SIZE=1.5&gt;BaseURL&lt;/td&gt;&lt;td width=5% align= left bgcolor=#BCE954 &gt;&lt;FONT COLOR=#153E7E FACE= Arial  SIZE=1.5&gt;PASS&lt;/td&gt;&lt;td width=25% align= left &gt;&lt;FONT COLOR=#153E7E FACE= Arial  SIZE=1&gt;&lt;/td&gt;&lt;td width=20% align= left &gt;&lt;FONT COLOR=#153E7E FACE= Arial  SIZE=1.5&gt; &lt;/td&gt;&lt;/tr&gt;<br/>WealthWorx Portal: About WealthWorx - Advisor is present as expected.<br/>&lt;tr&gt;&lt;td width=5% align= left &gt;&lt;FONT COLOR=#153E7E FACE= Arial  SIZE=1.5&gt;5&lt;/td&gt;&lt;td width=15% align= left &gt;&lt;FONT COLOR=#153E7E FACE= Arial  SIZE=1.5&gt;VerifyPresent&lt;/td&gt;&lt;td width=15% align= left &gt;&lt;FONT COLOR=#153E7E FACE= Arial  SIZE=1.5&gt;&lt;/td&gt;&lt;td width=15% align= left &gt;&lt;FONT COLOR=#153E7E FACE= Arial  SIZE=1.5&gt;HomeTitle&lt;/td&gt;&lt;td width=5% align= left bgcolor=#BCE954 &gt;&lt;FONT COLOR=#153E7E FACE= Arial  SIZE=1.5&gt;PASS&lt;/td&gt;&lt;td width=25% align= left &gt;&lt;FONT COLOR=#153E7E FACE= Arial  SIZE=1&gt;&lt;/td&gt;&lt;td width=20% align= left &gt;&lt;FONT COLOR=#153E7E FACE= Arial  SIZE=1.5&gt; &lt;/td&gt;&lt;/tr&gt;<br/>&lt;tr&gt;&lt;td width=5% align= left &gt;&lt;FONT COLOR=#153E7E FACE= Arial  SIZE=1.5&gt;6&lt;/td&gt;&lt;td width=15% align= left &gt;&lt;FONT COLOR=#153E7E FACE= Arial  SIZE=1.5&gt;Click&lt;/td&gt;&lt;td width=15% align= left &gt;&lt;FONT COLOR=#153E7E FACE= Arial  SIZE=1.5&gt;Sign In&lt;/td&gt;&lt;td width=15% align= left &gt;&lt;FONT COLOR=#153E7E FACE= Arial  SIZE=1.5&gt;&lt;/td&gt;&lt;td width=5% align= left bgcolor=#BCE954 &gt;&lt;FONT COLOR=#153E7E FACE= Arial  SIZE=1.5&gt;PASS&lt;/td&gt;&lt;td width=25% align= left &gt;&lt;FONT COLOR=#153E7E FACE= Arial  SIZE=1&gt;&lt;/td&gt;&lt;td width=20% align= left &gt;&lt;FONT COLOR=#153E7E FACE= Arial  SIZE=1.5&gt; &lt;/td&gt;&lt;/tr&gt;<br/>&lt;tr&gt;&lt;td width=5% align= left &gt;&lt;FONT COLOR=#153E7E FACE= Arial  SIZE=1.5&gt;7&lt;/td&gt;&lt;td width=15% align= left &gt;&lt;FONT COLOR=#153E7E FACE= Arial  SIZE=1.5&gt;Input&lt;/td&gt;&lt;td width=15% align= left &gt;&lt;FONT COLOR=#153E7E FACE= Arial  SIZE=1.5&gt;Screen Name&lt;/td&gt;&lt;td width=15% align= left &gt;&lt;FONT COLOR=#153E7E FACE= Arial  SIZE=1.5&gt;UserName&lt;/td&gt;&lt;td width=5% align= left bgcolor=#BCE954 &gt;&lt;FONT COLOR=#153E7E FACE= Arial  SIZE=1.5&gt;PASS&lt;/td&gt;&lt;td width=25% align= left &gt;&lt;FONT COLOR=#153E7E FACE= Arial  SIZE=1&gt;&lt;/td&gt;&lt;td width=20% align= left &gt;&lt;FONT COLOR=#153E7E FACE= Arial  SIZE=1.5&gt; &lt;/td&gt;&lt;/tr&gt;<br/>&lt;tr&gt;&lt;td width=5% align= left &gt;&lt;FONT COLOR=#153E7E FACE= Arial  SIZE=1.5&gt;8&lt;/td&gt;&lt;td width=15% align= left &gt;&lt;FONT COLOR=#153E7E FACE= Arial  SIZE=1.5&gt;Input&lt;/td&gt;&lt;td width=15% align= left &gt;&lt;FONT COLOR=#153E7E FACE= Arial  SIZE=1.5&gt;Password&lt;/td&gt;&lt;td width=15% align= left &gt;&lt;FONT COLOR=#153E7E FACE= Arial  SIZE=1.5&gt;Password&lt;/td&gt;&lt;td width=5% align= left bgcolor=#BCE954 &gt;&lt;FONT COLOR=#153E7E FACE= Arial  SIZE=1.5&gt;PASS&lt;/td&gt;&lt;td width=25% align= left &gt;&lt;FONT COLOR=#153E7E FACE= Arial  SIZE=1&gt;&lt;/td&gt;&lt;td width=20% align= left &gt;&lt;FONT COLOR=#153E7E FACE= Arial  SIZE=1.5&gt; &lt;/td&gt;&lt;/tr&gt;<br/>&lt;tr&gt;&lt;td width=5% align= left &gt;&lt;FONT COLOR=#153E7E FACE= Arial  SIZE=1.5&gt;9&lt;/td&gt;&lt;td width=15% align= left &gt;&lt;FONT COLOR=#153E7E FACE= Arial  SIZE=1.5&gt;Click&lt;/td&gt;&lt;td width=15% align= left &gt;&lt;FONT COLOR=#153E7E FACE= Arial  SIZE=1.5&gt;Login&lt;/td&gt;&lt;td width=15% align= left &gt;&lt;FONT COLOR=#153E7E FACE= Arial  SIZE=1.5&gt;&lt;/td&gt;&lt;td width=5% align= left bgcolor=#BCE954 &gt;&lt;FONT COLOR=#153E7E FACE= Arial  SIZE=1.5&gt;PASS&lt;/td&gt;&lt;td width=25% align= left &gt;&lt;FONT COLOR=#153E7E FACE= Arial  SIZE=1&gt;&lt;/td&gt;&lt;td width=20% align= left &gt;&lt;FONT COLOR=#153E7E FACE= Arial  SIZE=1.5&gt; &lt;/td&gt;&lt;/tr&gt;<br/>Aaron Smith is present as expected.<br/>&lt;tr&gt;&lt;td width=5% align= left &gt;&lt;FONT COLOR=#153E7E FACE= Arial  SIZE=1.5&gt;10&lt;/td&gt;&lt;td width=15% align= left &gt;&lt;FONT COLOR=#153E7E FACE= Arial  SIZE=1.5&gt;VerifyPresent&lt;/td&gt;&lt;td width=15% align= left &gt;&lt;FONT COLOR=#153E7E FACE= Arial  SIZE=1.5&gt;&lt;/td&gt;&lt;td width=15% align= left &gt;&lt;FONT COLOR=#153E7E FACE= Arial  SIZE=1.5&gt;LoggedUserName&lt;/td&gt;&lt;td width=5% align= left bgcolor=#BCE954 &gt;&lt;FONT COLOR=#153E7E FACE= Arial  SIZE=1.5&gt;PASS&lt;/td&gt;&lt;td width=25% align= left &gt;&lt;FONT COLOR=#153E7E FACE= Arial  SIZE=1&gt;&lt;/td&gt;&lt;td width=20% align= left &gt;&lt;FONT COLOR=#153E7E FACE= Arial  SIZE=1.5&gt; &lt;/td&gt;&lt;/tr&gt;<br/>&lt;/table&gt;
<br/>Testcase : WealthWorx_Creator_Usergroup_Login  Pass: @: 2018-01-09 12:15:50</div></td></tr></table><p class="totop"><a href="#summary">back to summary</a></p><h2>Open_New_Account</h2><h3 id="m2">com.nividous.util.GenericTest#executeTest</h3><table class="result"><tr class="param"><th>Parameter #1</th></tr><tr class="param stripe"><td>{RunMode=Y, WMA Name=Abel Taylor, InvestService=Investment Management, AccountType=Individual}</td></tr><tr><th>Messages</th></tr><tr><td><div class="messages">&lt;table width=100% border=1 cellspacing=1 cellpadding=1 &gt;<br/>&lt;tr&gt;<br/>&lt;h4&gt; &lt;FONT COLOR=660000 FACE=Arial SIZE=2&gt; &lt;u&gt;# Test Name  = Open_New_Account   - Details Steps &lt;/u&gt;&lt;/h4&gt;
<br/>&lt;td width=5% align=center  bgcolor=#153E7E&gt;&lt;FONT COLOR=#E0E0E0 FACE=Arial SIZE=2&gt;&lt;b&gt;Step#&lt;/b&gt;&lt;/td&gt;<br/>&lt;td width=15% align=center  bgcolor=#153E7E&gt;&lt;FONT COLOR=#E0E0E0 FACE=Arial SIZE=2&gt;&lt;b&gt;Action&lt;/b&gt;&lt;/td&gt;<br/>&lt;td width=15% align=center  bgcolor=#153E7E&gt;&lt;FONT COLOR=#E0E0E0 FACE=Arial SIZE=2&gt;&lt;b&gt;Object&lt;/b&gt;&lt;/td&gt;<br/>&lt;td width=15% align=center  bgcolor=#153E7E&gt;&lt;FONT COLOR=#E0E0E0 FACE=Arial SIZE=2&gt;&lt;b&gt;Data&lt;/b&gt;&lt;/td&gt;<br/>&lt;td width=5% align=center  bgcolor=#153E7E&gt;&lt;FONT COLOR=#E0E0E0 FACE=Arial SIZE=2&gt;&lt;b&gt;Status&lt;/b&gt;&lt;/td&gt;<br/>&lt;td width=25% align=center  bgcolor=#153E7E&gt;&lt;FONT COLOR=#E0E0E0 FACE=Arial SIZE=2&gt;&lt;b&gt;Message&lt;/b&gt;&lt;/td&gt;<br/>&lt;td width=20% align=center  bgcolor=#153E7E&gt;&lt;FONT COLOR=#E0E0E0 FACE=Arial SIZE=2&gt;&lt;b&gt;ScreenShot&lt;/b&gt;&lt;/td&gt;<br/>&lt;/tr&gt;<br/>&lt;tr&gt;&lt;td width=5% align= left &gt;&lt;FONT COLOR=#153E7E FACE= Arial  SIZE=1.5&gt;14&lt;/td&gt;&lt;td width=15% align= left &gt;&lt;FONT COLOR=#153E7E FACE= Arial  SIZE=1.5&gt;ClickBasedOnXpath&lt;/td&gt;&lt;td width=15% align= left &gt;&lt;FONT COLOR=#153E7E FACE= Arial  SIZE=1.5&gt;Wealthworx.xpathOpenNewAccount&lt;/td&gt;&lt;td width=15% align= left &gt;&lt;FONT COLOR=#153E7E FACE= Arial  SIZE=1.5&gt;&lt;/td&gt;&lt;td width=5% align= left bgcolor=#BCE954 &gt;&lt;FONT COLOR=#153E7E FACE= Arial  SIZE=1.5&gt;PASS&lt;/td&gt;&lt;td width=25% align= left &gt;&lt;FONT COLOR=#153E7E FACE= Arial  SIZE=1&gt;&lt;/td&gt;&lt;td width=20% align= left &gt;&lt;FONT COLOR=#153E7E FACE= Arial  SIZE=1.5&gt; &lt;/td&gt;&lt;/tr&gt;<br/>&lt;tr&gt;&lt;td width=5% align= left &gt;&lt;FONT COLOR=#153E7E FACE= Arial  SIZE=1.5&gt;15&lt;/td&gt;&lt;td width=15% align= left &gt;&lt;FONT COLOR=#153E7E FACE= Arial  SIZE=1.5&gt;Input&lt;/td&gt;&lt;td width=15% align= left &gt;&lt;FONT COLOR=#153E7E FACE= Arial  SIZE=1.5&gt;WMA Name&lt;/td&gt;&lt;td width=15% align= left &gt;&lt;FONT COLOR=#153E7E FACE= Arial  SIZE=1.5&gt;WMA Name&lt;/td&gt;&lt;td width=5% align= left bgcolor=#BCE954 &gt;&lt;FONT COLOR=#153E7E FACE= Arial  SIZE=1.5&gt;PASS&lt;/td&gt;&lt;td width=25% align= left &gt;&lt;FONT COLOR=#153E7E FACE= Arial  SIZE=1&gt;&lt;/td&gt;&lt;td width=20% align= left &gt;&lt;FONT COLOR=#153E7E FACE= Arial  SIZE=1.5&gt; &lt;/td&gt;&lt;/tr&gt;<br/>&lt;tr&gt;&lt;td width=5% align= left &gt;&lt;FONT COLOR=#153E7E FACE= Arial  SIZE=1.5&gt;16&lt;/td&gt;&lt;td width=15% align= left &gt;&lt;FONT COLOR=#153E7E FACE= Arial  SIZE=1.5&gt;PressEnter&lt;/td&gt;&lt;td width=15% align= left &gt;&lt;FONT COLOR=#153E7E FACE= Arial  SIZE=1.5&gt;WMA Name&lt;/td&gt;&lt;td width=15% align= left &gt;&lt;FONT COLOR=#153E7E FACE= Arial  SIZE=1.5&gt;&lt;/td&gt;&lt;td width=5% align= left bgcolor=#BCE954 &gt;&lt;FONT COLOR=#153E7E FACE= Arial  SIZE=1.5&gt;PASS&lt;/td&gt;&lt;td width=25% align= left &gt;&lt;FONT COLOR=#153E7E FACE= Arial  SIZE=1&gt;&lt;/td&gt;&lt;td width=20% align= left &gt;&lt;FONT COLOR=#153E7E FACE= Arial  SIZE=1.5&gt; &lt;/td&gt;&lt;/tr&gt;<br/>Testcase : Open_New_Account  Fail: @: 2018-01-09 12:16:08</div></td></tr><tr><th>Exception</th></tr><tr><td><div class="stacktrace">java.lang.NullPointerException
	at com.nividous.common.NividousTest.reportGenerator(NividousTest.java:1010)
	at com.nividous.common.NividousTest.executeKeywordsFromLoadedWorkBook(NividousTest.java:216)
	at com.nividous.util.GenericTest.executeTest(GenericTest.java:107)
... Removed 24 stack frames</div></td></tr></table><p class="totop"><a href="#summary">back to summary</a></p><h2>Loan_Agent_Application_Undeployment</h2><h3 id="m3">com.nividous.util.GenericTest#executeTest</h3><table class="result"><tr class="param"><th>Parameter #1</th></tr><tr class="param stripe"><td>{}</td></tr><tr><th>Messages</th></tr><tr><td><div class="messages">Testcase : Loan_Agent_Application_Undeployment  Skip: @: 2018-01-09 12:16:08</div></td></tr><tr><th>Exception</th></tr><tr><td><div class="stacktrace">org.testng.SkipException: Skipping the test as Runmode is NO
	at com.nividous.util.GenericTest.executeTest(GenericTest.java:86)
... Removed 24 stack frames</div></td></tr></table><p class="totop"><a href="#summary">back to summary</a></p><h3 id="m4">com.nividous.util.GenericTest#executeTest</h3><table class="result"><tr class="param"><th>Parameter #1</th></tr><tr class="param stripe"><td>{}</td></tr><tr><th>Messages</th></tr><tr><td><div class="messages">Testcase : Loan_Agent_Application_Undeployment  Skip: @: 2018-01-09 12:16:08</div></td></tr><tr><th>Exception</th></tr><tr><td><div class="stacktrace">org.testng.SkipException: Skipping the test as Runmode is NO
	at com.nividous.util.GenericTest.executeTest(GenericTest.java:86)
... Removed 24 stack frames</div></td></tr></table><p class="totop"><a href="#summary">back to summary</a></p><h3 id="m5">com.nividous.util.GenericTest#executeTest</h3><table class="result"><tr class="param"><th>Parameter #1</th></tr><tr class="param stripe"><td>{}</td></tr><tr><th>Messages</th></tr><tr><td><div class="messages">Testcase : Loan_Agent_Application_Undeployment  Skip: @: 2018-01-09 12:16:08</div></td></tr><tr><th>Exception</th></tr><tr><td><div class="stacktrace">org.testng.SkipException: Skipping the test as Runmode is NO
	at com.nividous.util.GenericTest.executeTest(GenericTest.java:86)
... Removed 24 stack frames</div></td></tr></table><p class="totop"><a href="#summary">back to summary</a></p><h2>Loan_Agent_Instance_Creation</h2><h3 id="m6">com.nividous.util.GenericTest#executeTest</h3><table class="result"><tr class="param"><th>Parameter #1</th></tr><tr class="param stripe"><td>{}</td></tr><tr><th>Messages</th></tr><tr><td><div class="messages">Testcase : Loan_Agent_Instance_Creation  Skip: @: 2018-01-09 12:16:08</div></td></tr><tr><th>Exception</th></tr><tr><td><div class="stacktrace">org.testng.SkipException: Skipping the test as Runmode is NO
	at com.nividous.util.GenericTest.executeTest(GenericTest.java:86)
... Removed 24 stack frames</div></td></tr></table><p class="totop"><a href="#summary">back to summary</a></p><h3 id="m7">com.nividous.util.GenericTest#executeTest</h3><table class="result"><tr class="param"><th>Parameter #1</th></tr><tr class="param stripe"><td>{}</td></tr><tr><th>Messages</th></tr><tr><td><div class="messages">Testcase : Loan_Agent_Instance_Creation  Skip: @: 2018-01-09 12:16:08</div></td></tr><tr><th>Exception</th></tr><tr><td><div class="stacktrace">org.testng.SkipException: Skipping the test as Runmode is NO
	at com.nividous.util.GenericTest.executeTest(GenericTest.java:86)
... Removed 24 stack frames</div></td></tr></table><p class="totop"><a href="#summary">back to summary</a></p><h3 id="m8">com.nividous.util.GenericTest#executeTest</h3><table class="result"><tr class="param"><th>Parameter #1</th></tr><tr class="param stripe"><td>{}</td></tr><tr><th>Messages</th></tr><tr><td><div class="messages">Testcase : Loan_Agent_Instance_Creation  Skip: @: 2018-01-09 12:16:09</div></td></tr><tr><th>Exception</th></tr><tr><td><div class="stacktrace">org.testng.SkipException: Skipping the test as Runmode is NO
	at com.nividous.util.GenericTest.executeTest(GenericTest.java:86)
... Removed 24 stack frames</div></td></tr></table><p class="totop"><a href="#summary">back to summary</a></p><h2>Loan_Agent_Claim_Task</h2><h3 id="m9">com.nividous.util.GenericTest#executeTest</h3><table class="result"><tr class="param"><th>Parameter #1</th></tr><tr class="param stripe"><td>{}</td></tr><tr><th>Messages</th></tr><tr><td><div class="messages">Testcase : Loan_Agent_Claim_Task  Skip: @: 2018-01-09 12:16:09</div></td></tr><tr><th>Exception</th></tr><tr><td><div class="stacktrace">org.testng.SkipException: Skipping the test as Runmode is NO
	at com.nividous.util.GenericTest.executeTest(GenericTest.java:86)
... Removed 24 stack frames</div></td></tr></table><p class="totop"><a href="#summary">back to summary</a></p><h3 id="m10">com.nividous.util.GenericTest#executeTest</h3><table class="result"><tr class="param"><th>Parameter #1</th></tr><tr class="param stripe"><td>{}</td></tr><tr><th>Messages</th></tr><tr><td><div class="messages">Testcase : Loan_Agent_Claim_Task  Skip: @: 2018-01-09 12:16:09</div></td></tr><tr><th>Exception</th></tr><tr><td><div class="stacktrace">org.testng.SkipException: Skipping the test as Runmode is NO
	at com.nividous.util.GenericTest.executeTest(GenericTest.java:86)
... Removed 24 stack frames</div></td></tr></table><p class="totop"><a href="#summary">back to summary</a></p><h3 id="m11">com.nividous.util.GenericTest#executeTest</h3><table class="result"><tr class="param"><th>Parameter #1</th></tr><tr class="param stripe"><td>{}</td></tr><tr><th>Messages</th></tr><tr><td><div class="messages">Testcase : Loan_Agent_Claim_Task  Skip: @: 2018-01-09 12:16:09</div></td></tr><tr><th>Exception</th></tr><tr><td><div class="stacktrace">org.testng.SkipException: Skipping the test as Runmode is NO
	at com.nividous.util.GenericTest.executeTest(GenericTest.java:86)
... Removed 24 stack frames</div></td></tr></table><p class="totop"><a href="#summary">back to summary</a></p><h2>Loan_Application_Data_Entry</h2><h3 id="m12">com.nividous.util.GenericTest#executeTest</h3><table class="result"><tr class="param"><th>Parameter #1</th></tr><tr class="param stripe"><td>{}</td></tr><tr><th>Messages</th></tr><tr><td><div class="messages">Testcase : Loan_Application_Data_Entry  Skip: @: 2018-01-09 12:16:09</div></td></tr><tr><th>Exception</th></tr><tr><td><div class="stacktrace">org.testng.SkipException: Skipping the test as Runmode is NO
	at com.nividous.util.GenericTest.executeTest(GenericTest.java:86)
... Removed 24 stack frames</div></td></tr></table><p class="totop"><a href="#summary">back to summary</a></p><h3 id="m13">com.nividous.util.GenericTest#executeTest</h3><table class="result"><tr class="param"><th>Parameter #1</th></tr><tr class="param stripe"><td>{}</td></tr><tr><th>Messages</th></tr><tr><td><div class="messages">Testcase : Loan_Application_Data_Entry  Skip: @: 2018-01-09 12:16:09</div></td></tr><tr><th>Exception</th></tr><tr><td><div class="stacktrace">org.testng.SkipException: Skipping the test as Runmode is NO
	at com.nividous.util.GenericTest.executeTest(GenericTest.java:86)
... Removed 24 stack frames</div></td></tr></table><p class="totop"><a href="#summary">back to summary</a></p><h3 id="m14">com.nividous.util.GenericTest#executeTest</h3><table class="result"><tr class="param"><th>Parameter #1</th></tr><tr class="param stripe"><td>{}</td></tr><tr><th>Messages</th></tr><tr><td><div class="messages">Testcase : Loan_Application_Data_Entry  Skip: @: 2018-01-09 12:16:09</div></td></tr><tr><th>Exception</th></tr><tr><td><div class="stacktrace">org.testng.SkipException: Skipping the test as Runmode is NO
	at com.nividous.util.GenericTest.executeTest(GenericTest.java:86)
... Removed 24 stack frames</div></td></tr></table><p class="totop"><a href="#summary">back to summary</a></p><h2>Loan_App_Data_Entry_Employer_Info</h2><h3 id="m15">com.nividous.util.GenericTest#executeTest</h3><table class="result"><tr class="param"><th>Parameter #1</th></tr><tr class="param stripe"><td>{}</td></tr><tr><th>Messages</th></tr><tr><td><div class="messages">Testcase : Loan_App_Data_Entry_Employer_Info  Skip: @: 2018-01-09 12:16:09</div></td></tr><tr><th>Exception</th></tr><tr><td><div class="stacktrace">org.testng.SkipException: Skipping the test as Runmode is NO
	at com.nividous.util.GenericTest.executeTest(GenericTest.java:86)
... Removed 24 stack frames</div></td></tr></table><p class="totop"><a href="#summary">back to summary</a></p><h3 id="m16">com.nividous.util.GenericTest#executeTest</h3><table class="result"><tr class="param"><th>Parameter #1</th></tr><tr class="param stripe"><td>{}</td></tr><tr><th>Messages</th></tr><tr><td><div class="messages">Testcase : Loan_App_Data_Entry_Employer_Info  Skip: @: 2018-01-09 12:16:10</div></td></tr><tr><th>Exception</th></tr><tr><td><div class="stacktrace">org.testng.SkipException: Skipping the test as Runmode is NO
	at com.nividous.util.GenericTest.executeTest(GenericTest.java:86)
... Removed 24 stack frames</div></td></tr></table><p class="totop"><a href="#summary">back to summary</a></p><h3 id="m17">com.nividous.util.GenericTest#executeTest</h3><table class="result"><tr class="param"><th>Parameter #1</th></tr><tr class="param stripe"><td>{}</td></tr><tr><th>Messages</th></tr><tr><td><div class="messages">Testcase : Loan_App_Data_Entry_Employer_Info  Skip: @: 2018-01-09 12:16:10</div></td></tr><tr><th>Exception</th></tr><tr><td><div class="stacktrace">org.testng.SkipException: Skipping the test as Runmode is NO
	at com.nividous.util.GenericTest.executeTest(GenericTest.java:86)
... Removed 23 stack frames</div></td></tr></table><p class="totop"><a href="#summary">back to summary</a></p><h2>Advisor_Underwriter_Login</h2><h3 id="m18">com.nividous.util.GenericTest#executeTest</h3><table class="result"><tr class="param"><th>Parameter #1</th></tr><tr class="param stripe"><td>{}</td></tr><tr><th>Messages</th></tr><tr><td><div class="messages">Testcase : Advisor_Underwriter_Login  Skip: @: 2018-01-09 12:16:10</div></td></tr><tr><th>Exception</th></tr><tr><td><div class="stacktrace">org.testng.SkipException: Skipping the test as Runmode is NO
	at com.nividous.util.GenericTest.executeTest(GenericTest.java:86)
... Removed 23 stack frames</div></td></tr></table><p class="totop"><a href="#summary">back to summary</a></p><h3 id="m19">com.nividous.util.GenericTest#executeTest</h3><table class="result"><tr class="param"><th>Parameter #1</th></tr><tr class="param stripe"><td>{}</td></tr><tr><th>Messages</th></tr><tr><td><div class="messages">Testcase : Advisor_Underwriter_Login  Skip: @: 2018-01-09 12:16:10</div></td></tr><tr><th>Exception</th></tr><tr><td><div class="stacktrace">org.testng.SkipException: Skipping the test as Runmode is NO
	at com.nividous.util.GenericTest.executeTest(GenericTest.java:86)
... Removed 23 stack frames</div></td></tr></table><p class="totop"><a href="#summary">back to summary</a></p><h3 id="m20">com.nividous.util.GenericTest#executeTest</h3><table class="result"><tr class="param"><th>Parameter #1</th></tr><tr class="param stripe"><td>{}</td></tr><tr><th>Messages</th></tr><tr><td><div class="messages">Testcase : Advisor_Underwriter_Login  Skip: @: 2018-01-09 12:16:10</div></td></tr><tr><th>Exception</th></tr><tr><td><div class="stacktrace">org.testng.SkipException: Skipping the test as Runmode is NO
	at com.nividous.util.GenericTest.executeTest(GenericTest.java:86)
... Removed 23 stack frames</div></td></tr></table><p class="totop"><a href="#summary">back to summary</a></p><h2>Underwriter_Claim_Task</h2><h3 id="m21">com.nividous.util.GenericTest#executeTest</h3><table class="result"><tr class="param"><th>Parameter #1</th></tr><tr class="param stripe"><td>{}</td></tr><tr><th>Messages</th></tr><tr><td><div class="messages">Testcase : Underwriter_Claim_Task  Skip: @: 2018-01-09 12:16:10</div></td></tr><tr><th>Exception</th></tr><tr><td><div class="stacktrace">org.testng.SkipException: Skipping the test as Runmode is NO
	at com.nividous.util.GenericTest.executeTest(GenericTest.java:86)
... Removed 23 stack frames</div></td></tr></table><p class="totop"><a href="#summary">back to summary</a></p><h3 id="m22">com.nividous.util.GenericTest#executeTest</h3><table class="result"><tr class="param"><th>Parameter #1</th></tr><tr class="param stripe"><td>{}</td></tr><tr><th>Messages</th></tr><tr><td><div class="messages">Testcase : Underwriter_Claim_Task  Skip: @: 2018-01-09 12:16:10</div></td></tr><tr><th>Exception</th></tr><tr><td><div class="stacktrace">org.testng.SkipException: Skipping the test as Runmode is NO
	at com.nividous.util.GenericTest.executeTest(GenericTest.java:86)
... Removed 23 stack frames</div></td></tr></table><p class="totop"><a href="#summary">back to summary</a></p><h3 id="m23">com.nividous.util.GenericTest#executeTest</h3><table class="result"><tr class="param"><th>Parameter #1</th></tr><tr class="param stripe"><td>{}</td></tr><tr><th>Messages</th></tr><tr><td><div class="messages">Testcase : Underwriter_Claim_Task  Skip: @: 2018-01-09 12:16:10</div></td></tr><tr><th>Exception</th></tr><tr><td><div class="stacktrace">org.testng.SkipException: Skipping the test as Runmode is NO
	at com.nividous.util.GenericTest.executeTest(GenericTest.java:86)
... Removed 23 stack frames</div></td></tr></table><p class="totop"><a href="#summary">back to summary</a></p><h2>Underwriter_Complete_Task</h2><h3 id="m24">com.nividous.util.GenericTest#executeTest</h3><table class="result"><tr class="param"><th>Parameter #1</th></tr><tr class="param stripe"><td>{}</td></tr><tr><th>Messages</th></tr><tr><td><div class="messages">Testcase : Underwriter_Complete_Task  Skip: @: 2018-01-09 12:16:11</div></td></tr><tr><th>Exception</th></tr><tr><td><div class="stacktrace">org.testng.SkipException: Skipping the test as Runmode is NO
	at com.nividous.util.GenericTest.executeTest(GenericTest.java:86)
... Removed 23 stack frames</div></td></tr></table><p class="totop"><a href="#summary">back to summary</a></p><h3 id="m25">com.nividous.util.GenericTest#executeTest</h3><table class="result"><tr class="param"><th>Parameter #1</th></tr><tr class="param stripe"><td>{}</td></tr><tr><th>Messages</th></tr><tr><td><div class="messages">Testcase : Underwriter_Complete_Task  Skip: @: 2018-01-09 12:16:10</div></td></tr><tr><th>Exception</th></tr><tr><td><div class="stacktrace">org.testng.SkipException: Skipping the test as Runmode is NO
	at com.nividous.util.GenericTest.executeTest(GenericTest.java:86)
... Removed 23 stack frames</div></td></tr></table><p class="totop"><a href="#summary">back to summary</a></p><h3 id="m26">com.nividous.util.GenericTest#executeTest</h3><table class="result"><tr class="param"><th>Parameter #1</th></tr><tr class="param stripe"><td>{}</td></tr><tr><th>Messages</th></tr><tr><td><div class="messages">Testcase : Underwriter_Complete_Task  Skip: @: 2018-01-09 12:16:11</div></td></tr><tr><th>Exception</th></tr><tr><td><div class="stacktrace">org.testng.SkipException: Skipping the test as Runmode is NO
	at com.nividous.util.GenericTest.executeTest(GenericTest.java:86)
... Removed 23 stack frames</div></td></tr></table><p class="totop"><a href="#summary">back to summary</a></p><h2>Advisor_Loan_Officer_Login</h2><h3 id="m27">com.nividous.util.GenericTest#executeTest</h3><table class="result"><tr class="param"><th>Parameter #1</th></tr><tr class="param stripe"><td>{}</td></tr><tr><th>Messages</th></tr><tr><td><div class="messages">Testcase : Advisor_Loan_Officer_Login  Skip: @: 2018-01-09 12:16:11</div></td></tr><tr><th>Exception</th></tr><tr><td><div class="stacktrace">org.testng.SkipException: Skipping the test as Runmode is NO
	at com.nividous.util.GenericTest.executeTest(GenericTest.java:86)
... Removed 23 stack frames</div></td></tr></table><p class="totop"><a href="#summary">back to summary</a></p><h3 id="m28">com.nividous.util.GenericTest#executeTest</h3><table class="result"><tr class="param"><th>Parameter #1</th></tr><tr class="param stripe"><td>{}</td></tr><tr><th>Messages</th></tr><tr><td><div class="messages">Testcase : Advisor_Loan_Officer_Login  Skip: @: 2018-01-09 12:16:11</div></td></tr><tr><th>Exception</th></tr><tr><td><div class="stacktrace">org.testng.SkipException: Skipping the test as Runmode is NO
	at com.nividous.util.GenericTest.executeTest(GenericTest.java:86)
... Removed 23 stack frames</div></td></tr></table><p class="totop"><a href="#summary">back to summary</a></p><h3 id="m29">com.nividous.util.GenericTest#executeTest</h3><table class="result"><tr class="param"><th>Parameter #1</th></tr><tr class="param stripe"><td>{}</td></tr><tr><th>Messages</th></tr><tr><td><div class="messages">Testcase : Advisor_Loan_Officer_Login  Skip: @: 2018-01-09 12:16:11</div></td></tr><tr><th>Exception</th></tr><tr><td><div class="stacktrace">org.testng.SkipException: Skipping the test as Runmode is NO
	at com.nividous.util.GenericTest.executeTest(GenericTest.java:86)
... Removed 23 stack frames</div></td></tr></table><p class="totop"><a href="#summary">back to summary</a></p><h2>Loan_Officer_Claim_Task</h2><h3 id="m30">com.nividous.util.GenericTest#executeTest</h3><table class="result"><tr class="param"><th>Parameter #1</th></tr><tr class="param stripe"><td>{}</td></tr><tr><th>Messages</th></tr><tr><td><div class="messages">Testcase : Loan_Officer_Claim_Task  Skip: @: 2018-01-09 12:16:11</div></td></tr><tr><th>Exception</th></tr><tr><td><div class="stacktrace">org.testng.SkipException: Skipping the test as Runmode is NO
	at com.nividous.util.GenericTest.executeTest(GenericTest.java:86)
... Removed 23 stack frames</div></td></tr></table><p class="totop"><a href="#summary">back to summary</a></p><h3 id="m31">com.nividous.util.GenericTest#executeTest</h3><table class="result"><tr class="param"><th>Parameter #1</th></tr><tr class="param stripe"><td>{}</td></tr><tr><th>Messages</th></tr><tr><td><div class="messages">Testcase : Loan_Officer_Claim_Task  Skip: @: 2018-01-09 12:16:11</div></td></tr><tr><th>Exception</th></tr><tr><td><div class="stacktrace">org.testng.SkipException: Skipping the test as Runmode is NO
	at com.nividous.util.GenericTest.executeTest(GenericTest.java:86)
... Removed 23 stack frames</div></td></tr></table><p class="totop"><a href="#summary">back to summary</a></p><h3 id="m32">com.nividous.util.GenericTest#executeTest</h3><table class="result"><tr class="param"><th>Parameter #1</th></tr><tr class="param stripe"><td>{}</td></tr><tr><th>Messages</th></tr><tr><td><div class="messages">Testcase : Loan_Officer_Claim_Task  Skip: @: 2018-01-09 12:16:11</div></td></tr><tr><th>Exception</th></tr><tr><td><div class="stacktrace">org.testng.SkipException: Skipping the test as Runmode is NO
	at com.nividous.util.GenericTest.executeTest(GenericTest.java:86)
... Removed 23 stack frames</div></td></tr></table><p class="totop"><a href="#summary">back to summary</a></p><h2>Loan_Officer_Complete_Task</h2><h3 id="m33">com.nividous.util.GenericTest#executeTest</h3><table class="result"><tr class="param"><th>Parameter #1</th></tr><tr class="param stripe"><td>{}</td></tr><tr><th>Messages</th></tr><tr><td><div class="messages">Testcase : Loan_Officer_Complete_Task  Skip: @: 2018-01-09 12:16:12</div></td></tr><tr><th>Exception</th></tr><tr><td><div class="stacktrace">org.testng.SkipException: Skipping the test as Runmode is NO
	at com.nividous.util.GenericTest.executeTest(GenericTest.java:86)
... Removed 23 stack frames</div></td></tr></table><p class="totop"><a href="#summary">back to summary</a></p><h3 id="m34">com.nividous.util.GenericTest#executeTest</h3><table class="result"><tr class="param"><th>Parameter #1</th></tr><tr class="param stripe"><td>{}</td></tr><tr><th>Messages</th></tr><tr><td><div class="messages">Testcase : Loan_Officer_Complete_Task  Skip: @: 2018-01-09 12:16:11</div></td></tr><tr><th>Exception</th></tr><tr><td><div class="stacktrace">org.testng.SkipException: Skipping the test as Runmode is NO
	at com.nividous.util.GenericTest.executeTest(GenericTest.java:86)
... Removed 23 stack frames</div></td></tr></table><p class="totop"><a href="#summary">back to summary</a></p><h3 id="m35">com.nividous.util.GenericTest#executeTest</h3><table class="result"><tr class="param"><th>Parameter #1</th></tr><tr class="param stripe"><td>{}</td></tr><tr><th>Messages</th></tr><tr><td><div class="messages">Testcase : Loan_Officer_Complete_Task  Skip: @: 2018-01-09 12:16:11</div></td></tr><tr><th>Exception</th></tr><tr><td><div class="stacktrace">org.testng.SkipException: Skipping the test as Runmode is NO
	at com.nividous.util.GenericTest.executeTest(GenericTest.java:86)
... Removed 23 stack frames</div></td></tr></table><p class="totop"><a href="#summary">back to summary</a></p></body></html>